<?xml version="1.0" encoding="UTF-8"?>
<!-- Generated by org.testng.reporters.JUnitXMLReporter -->
<testsuite ignored="5" hostname="DESKTOP-3EH4CFI" failures="1" tests="2" name="Tests1" time="30.196" errors="0" timestamp="2023-11-24T16:01:02 IST">
  <testcase classname="com.tutorialsninja.qa.testcases.LoginTest" name="Failed_verifyLoginWithValidCresentials" time="0.087">
    <failure type="java.lang.IllegalArgumentException" message="Keys to send should be a not null CharSequence">
      <![CDATA[java.lang.IllegalArgumentException: Keys to send should be a not null CharSequence
at org.openqa.selenium.remote.RemoteWebElement.sendKeys(RemoteWebElement.java:98)
at org.openqa.selenium.support.pagefactory.internal.LocatingElementHandler.invoke(LocatingElementHandler.java:52)
at jdk.proxy2/jdk.proxy2.$Proxy18.sendKeys(Unknown Source)
at com.tutorialsninja.qa.pages.LoginPage.LoginEmailPasswordClickLogin(LoginPage.java:29)
at com.tutorialsninja.qa.testcases.LoginTest.Failed_verifyLoginWithValidCresentials(LoginTest.java:60)
at java.base/java.util.concurrent.ThreadPoolExecutor.runWorker(ThreadPoolExecutor.java:1144)
at java.base/java.util.concurrent.ThreadPoolExecutor$Worker.run(ThreadPoolExecutor.java:642)
at java.base/java.lang.Thread.run(Thread.java:1623)
... Removed 12 stack frames]]>
    </failure>
  </testcase> <!-- Failed_verifyLoginWithValidCresentials -->
  <testcase classname="com.tutorialsninja.qa.testcases.LoginTest" name="verifyLoginWithValidCresentials" time="0.404"/>
  <testcase classname="com.tutorialsninja.qa.testcases.LoginTest" name="verifyLoginWithInvalidEmailAndValidPassword" time="0.0">
    <ignored/>
  </testcase> <!-- verifyLoginWithInvalidEmailAndValidPassword -->
  <testcase classname="com.tutorialsninja.qa.testcases.LoginTest" name="SetterGetterMethods" time="0.0">
    <ignored/>
  </testcase> <!-- SetterGetterMethods -->
  <testcase classname="com.tutorialsninja.qa.testcases.LoginTest" name="verifyLoginWithInvalidCredentials" time="0.0">
    <ignored/>
  </testcase> <!-- verifyLoginWithInvalidCredentials -->
  <testcase classname="com.tutorialsninja.qa.testcases.LoginTest" name="verifyLoginWith_ValidEmailAnd_InvalidPassword1" time="0.0">
    <ignored/>
  </testcase> <!-- verifyLoginWith_ValidEmailAnd_InvalidPassword1 -->
  <testcase classname="com.tutorialsninja.qa.testcases.LoginTest" name="verifyLoginWith_ValidEmailAnd_InvalidPassword" time="0.0">
    <ignored/>
  </testcase> <!-- verifyLoginWith_ValidEmailAnd_InvalidPassword -->
</testsuite> <!-- Tests1 -->
