<?xml version="1.0" encoding="UTF-8"?>
<!-- Generated by org.testng.reporters.JUnitXMLReporter -->
<testsuite ignored="8" hostname="DESKTOP-3EH4CFI" failures="2" tests="2" name="SmokeTests" time="0.031" errors="0" timestamp="2023-11-22T16:38:16 IST">
  <testcase classname="com.tutorialsninja.qa.testcases.LoginTest" name="verifyLoginWithValidCresentials" time="0.003">
    <failure type="java.lang.NullPointerException" message="Cannot invoke &amp;quot;com.tutorialsninja.qa.pages.LoginPage.LoginEmailPasswordClickLogin(String, String)&amp;quot; because &amp;quot;this.loginPage&amp;quot; is null">
      <![CDATA[java.lang.NullPointerException: Cannot invoke "com.tutorialsninja.qa.pages.LoginPage.LoginEmailPasswordClickLogin(String, String)" because "this.loginPage" is null
at com.tutorialsninja.qa.testcases.LoginTest.verifyLoginWithValidCresentials(LoginTest.java:43)
at java.base/java.util.ArrayList.forEach(ArrayList.java:1511)
... Removed 25 stack frames]]>
    </failure>
  </testcase> <!-- verifyLoginWithValidCresentials -->
  <testcase classname="com.tutorialsninja.qa.testcases.RegisterTest" name="VerifyRegisteringAnAccountWith_ValidEmailAdress" time="0.007">
    <failure type="java.lang.NullPointerException" message="Cannot invoke &amp;quot;com.tutorialsninja.qa.pages.RegisterPage.EnterAllNeccessaryElement(String, String, String, String, String, String)&amp;quot; because &amp;quot;this.registerpage&amp;quot; is null">
      <![CDATA[java.lang.NullPointerException: Cannot invoke "com.tutorialsninja.qa.pages.RegisterPage.EnterAllNeccessaryElement(String, String, String, String, String, String)" because "this.registerpage" is null
at com.tutorialsninja.qa.testcases.RegisterTest.VerifyRegisteringAnAccountWith_ValidEmailAdress(RegisterTest.java:58)
at java.base/java.util.ArrayList.forEach(ArrayList.java:1511)
... Removed 25 stack frames]]>
    </failure>
  </testcase> <!-- VerifyRegisteringAnAccountWith_ValidEmailAdress -->
  <testcase classname="com.tutorialsninja.qa.testcases.LoginTest" name="SetterGetterMethods" time="0.0">
    <ignored/>
  </testcase> <!-- SetterGetterMethods -->
  <testcase classname="com.tutorialsninja.qa.testcases.RegisterTest" name="VerifyRegisteringAnAccountWith_AllFields" time="0.0">
    <ignored/>
  </testcase> <!-- VerifyRegisteringAnAccountWith_AllFields -->
  <testcase classname="com.tutorialsninja.qa.testcases.RegisterTest" name="VerifyRegisteringAnAccountWith_MandatoryFields" time="0.0">
    <ignored/>
  </testcase> <!-- VerifyRegisteringAnAccountWith_MandatoryFields -->
  <testcase classname="com.tutorialsninja.qa.testcases.RegisterTest" name="VerifyRegisteringAnAccount_Without_FillingAnyDetails" time="0.0">
    <ignored/>
  </testcase> <!-- VerifyRegisteringAnAccount_Without_FillingAnyDetails -->
  <testcase classname="com.tutorialsninja.qa.testcases.LoginTest" name="verifyLoginWithInvalidCredentials" time="0.0">
    <ignored/>
  </testcase> <!-- verifyLoginWithInvalidCredentials -->
  <testcase classname="com.tutorialsninja.qa.testcases.LoginTest" name="verifyLoginWith_ValidEmailAnd_InvalidPassword" time="0.0">
    <ignored/>
  </testcase> <!-- verifyLoginWith_ValidEmailAnd_InvalidPassword -->
  <testcase classname="com.tutorialsninja.qa.testcases.LoginTest" name="verifyLoginWithInvalidEmailAndValidPassword" time="0.0">
    <ignored/>
  </testcase> <!-- verifyLoginWithInvalidEmailAndValidPassword -->
  <testcase classname="com.tutorialsninja.qa.testcases.LoginTest" name="verifyLoginWith_ValidEmailAnd_InvalidPassword1" time="0.0">
    <ignored/>
  </testcase> <!-- verifyLoginWith_ValidEmailAnd_InvalidPassword1 -->
</testsuite> <!-- SmokeTests -->
